2020/04/30 10:34:51 --  S.SECDESCRI 
2020/04/30 10:34:52 --  oro 
2020/04/30 10:34:52 --  silver 
2020/04/30 10:34:52 --  bronze 
2020/04/30 10:38:42 --  S.SECDESCRI 
2020/04/30 10:38:43 --  oro 
2020/04/30 10:38:43 --  silver 
2020/04/30 10:38:43 --  bronze 
2020/04/30 10:40:47 --  S.SECDESCRI 
2020/04/30 10:40:48 --  oro 
2020/04/30 10:40:48 --  silver 
2020/04/30 10:40:48 --  bronze 
2020/04/30 10:40:58 --  S.SECDESCRI 
2020/04/30 10:40:59 --  oro 
2020/04/30 10:40:59 --  silver 
2020/04/30 10:40:59 --  bronze 
2020/04/30 10:42:31 --  S.SECDESCRI 
2020/04/30 10:42:31 --  oro 
2020/04/30 10:42:31 --  silver 
2020/04/30 10:42:31 --  bronze 
2020/04/30 10:43:26 --  S.SECDESCRI 
2020/04/30 10:43:27 --  oro 
2020/04/30 10:43:27 --  silver 
2020/04/30 10:43:27 --  bronze 
2020/04/30 10:43:55 --  S.SECDESCRI 
2020/04/30 10:43:57 --  oro 
2020/04/30 10:43:57 --  silver 
2020/04/30 10:43:57 --  bronze 
2020/04/30 10:44:50 --  S.SECDESCRI 
2020/04/30 10:44:51 --  oro 
2020/04/30 10:44:51 --  silver 
2020/04/30 10:44:51 --  bronze 
2020/04/30 10:45:42 --  S.SECDESCRI 
2020/04/30 10:45:43 --  oro 
2020/04/30 10:45:43 --  silver 
2020/04/30 10:45:43 --  bronze 
2020/04/30 10:46:11 --  S.SECDESCRI 
2020/04/30 10:46:12 --  oro 
2020/04/30 10:46:12 --  silver 
2020/04/30 10:46:12 --  bronze 
2020/04/30 10:46:58 --  S.SECDESCRI 
2020/04/30 10:46:59 --  oro 
2020/04/30 10:46:59 --  silver 
2020/04/30 10:46:59 --  bronze 
2020/04/30 10:47:34 --  S.SECDESCRI 
2020/04/30 10:47:35 --  oro 
2020/04/30 10:47:35 --  silver 
2020/04/30 10:47:35 --  bronze 
2020/04/30 10:48:36 --  S.SECDESCRI 
2020/04/30 10:48:37 --  oro 
2020/04/30 10:48:37 --  silver 
2020/04/30 10:48:37 --  bronze 
2020/04/30 10:52:45 --  S.SECDESCRI 
2020/04/30 10:52:46 --  oro 
2020/04/30 10:52:46 --  silver 
2020/04/30 10:52:46 --  bronze 
2020/04/30 10:53:22 --  S.SECDESCRI 
2020/04/30 10:53:22 --  oro 
2020/04/30 10:53:22 --  silver 
2020/04/30 10:53:22 --  bronze 
2020/04/30 11:02:25 --  S.SECDESCRI 
2020/04/30 11:02:30 --  S.SECDESCRI 
2020/04/30 11:02:31 --  oro 
2020/04/30 11:02:31 --  silver 
2020/04/30 11:02:31 --  bronze 
2020/04/30 11:02:35 --  S.SECDESCRI 
2020/04/30 11:02:38 --  S.SECDESCRI 
2020/04/30 11:02:39 --  oro 
2020/04/30 11:02:39 --  silver 
2020/04/30 11:02:39 --  bronze 
2020/04/30 11:02:45 --  S.SECDESCRI 
2020/04/30 11:02:46 --  oro 
2020/04/30 11:02:46 --  silver 
2020/04/30 11:02:46 --  bronze 
2020/04/30 11:20:14 --  S.SECDESCRI 
2020/04/30 11:20:18 --  S.SECDESCRI 
2020/04/30 11:20:19 --  oro 
2020/04/30 11:20:19 --  silver 
2020/04/30 11:20:19 --  bronze 
2020/04/30 11:20:22 --  S.SECDESCRI 
2020/04/30 11:20:54 --  S.SECDESCRI 
2020/04/30 11:20:55 --  oro 
2020/04/30 11:20:55 --  silver 
2020/04/30 11:20:55 --  bronze 
2020/04/30 11:21:05 --  S.SECDESCRI 
2020/04/30 11:21:06 --  oro 
2020/04/30 11:21:06 --  silver 
2020/04/30 11:21:06 --  bronze 
2020/04/30 11:21:40 --  S.SECDESCRI 
2020/04/30 11:21:41 --  oro 
2020/04/30 11:21:41 --  silver 
2020/04/30 11:21:41 --  bronze 
2020/04/30 11:21:45 --  S.SECDESCRI 
2020/04/30 11:21:46 --  oro 
2020/04/30 11:21:46 --  silver 
2020/04/30 11:21:46 --  bronze 
2020/04/30 11:22:00 --  S.SECDESCRI 
2020/04/30 11:22:02 --  oro 
2020/04/30 11:22:02 --  silver 
2020/04/30 11:22:02 --  bronze 
2020/04/30 11:36:09 --  S.SECDESCRI 
2020/04/30 11:36:10 --  silver 
2020/04/30 11:36:10 --  bronze 
2020/04/30 11:36:32 --  S.SECDESCRI 
2020/04/30 11:36:33 --  oro 
2020/04/30 11:36:33 --  silver 
2020/04/30 11:36:33 --  bronze 
2020/04/30 11:42:30 --  S.SECDESCRI 
2020/04/30 11:42:31 --  oro 
2020/04/30 11:42:31 --  silver 
2020/04/30 11:42:31 --  bronze 
2020/04/30 11:43:21 --  S.SECDESCRI 
2020/04/30 11:43:21 --  oro 
2020/04/30 11:43:21 --  silver 
2020/04/30 11:43:21 --  bronze 
2020/04/30 11:54:26 --  S.SECDESCRI 
2020/04/30 11:54:26 --  oro 
2020/04/30 11:54:26 --  silver 
2020/04/30 11:54:26 --  bronze 
2020/04/30 12:18:23 --  S.SECDESCRI 
2020/04/30 12:18:24 --  oro 
2020/04/30 12:18:24 --  silver 
2020/04/30 12:18:24 --  bronze 
2020/04/30 12:19:09 --  S.SECDESCRI 
2020/04/30 12:19:10 --  oro 
2020/04/30 12:19:10 --  silver 
2020/04/30 12:19:10 --  bronze 
2020/04/30 12:19:37 --  S.SECDESCRI 
2020/04/30 12:19:37 --  oro 
2020/04/30 12:19:37 --  silver 
2020/04/30 12:19:37 --  bronze 
2020/04/30 12:19:47 --  S.SECDESCRI 
2020/04/30 12:19:48 --  oro 
2020/04/30 12:19:48 --  silver 
2020/04/30 12:19:48 --  bronze 
2020/04/30 12:46:10 --  	SOLCITARON: 1204 
2020/04/30 12:48:11 --  S.SECDESCRI 
2020/04/30 12:48:11 --  oro 
2020/04/30 12:48:11 --  silver 
2020/04/30 12:48:11 --  bronze 
2020/04/30 12:49:49 --  S.SECDESCRI 
2020/04/30 12:49:49 --  oro 
2020/04/30 12:49:49 --  silver 
2020/04/30 12:49:49 --  bronze 
2020/04/30 02:48:06 --  S.SECDESCRI 
2020/04/30 02:48:06 --  oro 
2020/04/30 02:48:06 --  silver 
2020/04/30 02:48:06 --  bronze 
2020/04/30 02:48:12 --  	SOLCITARON: 1204 
2020/04/30 02:48:29 --  	SOLCITARON: 1204 
2020/04/30 02:48:33 --  	SOLCITARON: 1204 
2020/04/30 03:15:56 --  	SOLCITARON: 1204 
2020/04/30 03:51:13 --  S.SECDESCRI 
2020/04/30 03:51:16 --  S.SECDESCRI 
2020/04/30 03:51:18 --  S.SECDESCRI 
2020/04/30 03:51:20 --  S.SECDESCRI 
2020/04/30 03:51:21 --  S.SECDESCRI 
2020/04/30 03:51:35 --  S.SECDESCRI 
2020/04/30 03:51:46 --  S.SECDESCRI 
2020/04/30 03:52:04 --  S.SECDESCRI 
2020/04/30 03:52:04 --  oro 
2020/04/30 03:52:04 --  silver 
2020/04/30 03:52:04 --  bronze 
2020/04/30 03:59:35 --  S.SECDESCRI 
2020/04/30 03:59:36 --  oro 
2020/04/30 03:59:36 --  silver 
2020/04/30 03:59:36 --  bronze 
2020/04/30 03:59:39 --  S.SECDESCRI 
2020/04/30 03:59:39 --  oro 
2020/04/30 03:59:39 --  silver 
2020/04/30 03:59:39 --  bronze 
2020/04/30 03:59:41 --  S.SECDESCRI 
2020/04/30 03:59:42 --  oro 
2020/04/30 03:59:42 --  silver 
2020/04/30 03:59:42 --  bronze 
2020/04/30 04:00:04 --  	SOLCITARON: 1204 
2020/04/30 04:00:08 --  S.SECDESCRI 
2020/04/30 04:00:12 --  S.SECDESCRI 
2020/04/30 04:00:25 --  553 
2020/04/30 04:00:25 --  SQLACCEPT 
2020/04/30 04:00:32 --  S.SECDESCRI 
2020/04/30 04:00:35 --  S.SECDESCRI 
2020/04/30 04:00:38 --  S.SECDESCRI 
2020/04/30 04:00:42 --  S.SECDESCRI 
2020/04/30 04:00:44 --  S.SECDESCRI 
2020/04/30 04:00:48 --  S.SECDESCRI 
2020/04/30 04:00:48 --  oro 
2020/04/30 04:00:48 --  silver 
2020/04/30 04:00:48 --  bronze 
2020/04/30 04:02:21 --  	SOLCITARON: 1204 
2020/04/30 04:02:40 --  	SOLCITARON: 1204 
2020/04/30 04:03:19 --  	SOLCITARON: 1204 
2020/04/30 04:03:25 --  	SOLCITARON: 1204 
2020/04/30 05:14:24 --  S.SECDESCRI 
2020/04/30 05:14:25 --  oro 
2020/04/30 05:14:25 --  silver 
2020/04/30 05:14:25 --  bronze 
